<?xml version="1.0" encoding="UTF-8"?>
<testsuite name="com.biz.boot.springboot.web.IndexControllerTest" tests="1" skipped="0" failures="0" errors="0" timestamp="2021-09-03T00:55:08" hostname="DESKTOP-5L41717" time="0.111">
  <properties/>
  <testcase name="메인페이지_로딩" classname="com.biz.boot.springboot.web.IndexControllerTest" time="0.111"/>
  <system-out><![CDATA[2021-09-03 09:55:08.526  INFO 15168 --- [    Test worker] .b.t.c.SpringBootTestContextBootstrapper : Neither @ContextConfiguration nor @ContextHierarchy found for test class [com.biz.boot.springboot.web.IndexControllerTest], using SpringBootContextLoader
2021-09-03 09:55:08.526  INFO 15168 --- [    Test worker] o.s.t.c.support.AbstractContextLoader    : Could not detect default resource locations for test class [com.biz.boot.springboot.web.IndexControllerTest]: no resource found for suffixes {-context.xml, Context.groovy}.
2021-09-03 09:55:08.526  INFO 15168 --- [    Test worker] t.c.s.AnnotationConfigContextLoaderUtils : Could not detect default configuration classes for test class [com.biz.boot.springboot.web.IndexControllerTest]: IndexControllerTest does not declare any static, non-private, non-final, nested classes annotated with @Configuration.
2021-09-03 09:55:08.526  INFO 15168 --- [    Test worker] .b.t.c.SpringBootTestContextBootstrapper : Found @SpringBootConfiguration com.biz.boot.springboot.Application for test class com.biz.boot.springboot.web.IndexControllerTest
2021-09-03 09:55:08.526  INFO 15168 --- [    Test worker] .b.t.c.SpringBootTestContextBootstrapper : Loaded default TestExecutionListener class names from location [META-INF/spring.factories]: [org.springframework.boot.test.autoconfigure.restdocs.RestDocsTestExecutionListener, org.springframework.boot.test.autoconfigure.web.client.MockRestServiceServerResetTestExecutionListener, org.springframework.boot.test.autoconfigure.web.servlet.MockMvcPrintOnlyOnFailureTestExecutionListener, org.springframework.boot.test.autoconfigure.web.servlet.WebDriverTestExecutionListener, org.springframework.boot.test.mock.mockito.MockitoTestExecutionListener, org.springframework.boot.test.mock.mockito.ResetMocksTestExecutionListener, org.springframework.test.context.web.ServletTestExecutionListener, org.springframework.test.context.support.DirtiesContextBeforeModesTestExecutionListener, org.springframework.test.context.support.DependencyInjectionTestExecutionListener, org.springframework.test.context.support.DirtiesContextTestExecutionListener, org.springframework.test.context.transaction.TransactionalTestExecutionListener, org.springframework.test.context.jdbc.SqlScriptsTestExecutionListener]
2021-09-03 09:55:08.526  INFO 15168 --- [    Test worker] .b.t.c.SpringBootTestContextBootstrapper : Using TestExecutionListeners: [org.springframework.test.context.web.ServletTestExecutionListener@75d1b868, org.springframework.test.context.support.DirtiesContextBeforeModesTestExecutionListener@3d92c9a7, org.springframework.boot.test.mock.mockito.MockitoTestExecutionListener@2ae3c1af, org.springframework.boot.test.autoconfigure.SpringBootDependencyInjectionTestExecutionListener@9d3a1ab, org.springframework.test.context.support.DirtiesContextTestExecutionListener@71395a01, org.springframework.test.context.transaction.TransactionalTestExecutionListener@5a4d7a70, org.springframework.test.context.jdbc.SqlScriptsTestExecutionListener@6e17362f, org.springframework.boot.test.autoconfigure.restdocs.RestDocsTestExecutionListener@7add1cbf, org.springframework.boot.test.autoconfigure.web.client.MockRestServiceServerResetTestExecutionListener@418fa8b7, org.springframework.boot.test.autoconfigure.web.servlet.MockMvcPrintOnlyOnFailureTestExecutionListener@70a0d40c, org.springframework.boot.test.autoconfigure.web.servlet.WebDriverTestExecutionListener@27d13279, org.springframework.boot.test.mock.mockito.ResetMocksTestExecutionListener@357bfad8]
Hibernate: select posts0_.id as id1_0_, posts0_.create_date as create_d2_0_, posts0_.modified_date as modified3_0_, posts0_.author as author4_0_, posts0_.content as content5_0_, posts0_.title as title6_0_ from posts posts0_ order by posts0_.id DESC
]]></system-out>
  <system-err><![CDATA[]]></system-err>
</testsuite>
