<?xml version="1.0" encoding="UTF-8"?>
<testsuite name="com.biz.boot.springboot.web.IndexControllerTest" tests="1" skipped="0" failures="0" errors="0" timestamp="2021-08-24T08:51:02" hostname="DESKTOP-5L41717" time="0.468">
  <properties/>
  <testcase name="메인페이지_로딩" classname="com.biz.boot.springboot.web.IndexControllerTest" time="0.468"/>
  <system-out><![CDATA[17:50:53.495 [Test worker] DEBUG org.springframework.test.context.junit4.SpringJUnit4ClassRunner - SpringJUnit4ClassRunner constructor called with [class com.biz.boot.springboot.web.IndexControllerTest]
17:50:53.507 [Test worker] DEBUG org.springframework.test.context.BootstrapUtils - Instantiating CacheAwareContextLoaderDelegate from class [org.springframework.test.context.cache.DefaultCacheAwareContextLoaderDelegate]
17:50:53.507 [Test worker] DEBUG org.springframework.test.context.BootstrapUtils - Instantiating BootstrapContext using constructor [public org.springframework.test.context.support.DefaultBootstrapContext(java.lang.Class,org.springframework.test.context.CacheAwareContextLoaderDelegate)]
17:50:53.538 [Test worker] DEBUG org.springframework.test.context.BootstrapUtils - Instantiating TestContextBootstrapper for test class [com.biz.boot.springboot.web.IndexControllerTest] from class [org.springframework.boot.test.context.SpringBootTestContextBootstrapper]
17:50:53.554 [Test worker] INFO org.springframework.boot.test.context.SpringBootTestContextBootstrapper - Neither @ContextConfiguration nor @ContextHierarchy found for test class [com.biz.boot.springboot.web.IndexControllerTest], using SpringBootContextLoader
17:50:53.570 [Test worker] DEBUG org.springframework.test.context.support.AbstractContextLoader - Did not detect default resource location for test class [com.biz.boot.springboot.web.IndexControllerTest]: class path resource [com/biz/boot/springboot/web/IndexControllerTest-context.xml] does not exist
17:50:53.570 [Test worker] DEBUG org.springframework.test.context.support.AbstractContextLoader - Did not detect default resource location for test class [com.biz.boot.springboot.web.IndexControllerTest]: class path resource [com/biz/boot/springboot/web/IndexControllerTestContext.groovy] does not exist
17:50:53.570 [Test worker] INFO org.springframework.test.context.support.AbstractContextLoader - Could not detect default resource locations for test class [com.biz.boot.springboot.web.IndexControllerTest]: no resource found for suffixes {-context.xml, Context.groovy}.
17:50:53.570 [Test worker] INFO org.springframework.test.context.support.AnnotationConfigContextLoaderUtils - Could not detect default configuration classes for test class [com.biz.boot.springboot.web.IndexControllerTest]: IndexControllerTest does not declare any static, non-private, non-final, nested classes annotated with @Configuration.
17:50:53.632 [Test worker] DEBUG org.springframework.test.context.support.ActiveProfilesUtils - Could not find an 'annotation declaring class' for annotation type [org.springframework.test.context.ActiveProfiles] and class [com.biz.boot.springboot.web.IndexControllerTest]
17:50:53.757 [Test worker] DEBUG org.springframework.context.annotation.ClassPathScanningCandidateComponentProvider - Identified candidate component class: file [C:\bizmap\intellij\bootex\build\classes\java\main\com\biz\boot\springboot\Application.class]
17:50:53.773 [Test worker] INFO org.springframework.boot.test.context.SpringBootTestContextBootstrapper - Found @SpringBootConfiguration com.biz.boot.springboot.Application for test class com.biz.boot.springboot.web.IndexControllerTest
17:50:53.898 [Test worker] DEBUG org.springframework.boot.test.context.SpringBootTestContextBootstrapper - @TestExecutionListeners is not present for class [com.biz.boot.springboot.web.IndexControllerTest]: using defaults.
17:50:53.898 [Test worker] INFO org.springframework.boot.test.context.SpringBootTestContextBootstrapper - Loaded default TestExecutionListener class names from location [META-INF/spring.factories]: [org.springframework.boot.test.autoconfigure.restdocs.RestDocsTestExecutionListener, org.springframework.boot.test.autoconfigure.web.client.MockRestServiceServerResetTestExecutionListener, org.springframework.boot.test.autoconfigure.web.servlet.MockMvcPrintOnlyOnFailureTestExecutionListener, org.springframework.boot.test.autoconfigure.web.servlet.WebDriverTestExecutionListener, org.springframework.boot.test.mock.mockito.MockitoTestExecutionListener, org.springframework.boot.test.mock.mockito.ResetMocksTestExecutionListener, org.springframework.test.context.web.ServletTestExecutionListener, org.springframework.test.context.support.DirtiesContextBeforeModesTestExecutionListener, org.springframework.test.context.support.DependencyInjectionTestExecutionListener, org.springframework.test.context.support.DirtiesContextTestExecutionListener, org.springframework.test.context.transaction.TransactionalTestExecutionListener, org.springframework.test.context.jdbc.SqlScriptsTestExecutionListener]
17:50:53.929 [Test worker] INFO org.springframework.boot.test.context.SpringBootTestContextBootstrapper - Using TestExecutionListeners: [org.springframework.test.context.web.ServletTestExecutionListener@49b66ca6, org.springframework.test.context.support.DirtiesContextBeforeModesTestExecutionListener@6dade3b0, org.springframework.boot.test.mock.mockito.MockitoTestExecutionListener@50a3c5ec, org.springframework.boot.test.autoconfigure.SpringBootDependencyInjectionTestExecutionListener@15d4942c, org.springframework.test.context.support.DirtiesContextTestExecutionListener@6ffd096c, org.springframework.test.context.transaction.TransactionalTestExecutionListener@6d4fd740, org.springframework.test.context.jdbc.SqlScriptsTestExecutionListener@230df3a0, org.springframework.boot.test.autoconfigure.restdocs.RestDocsTestExecutionListener@12496619, org.springframework.boot.test.autoconfigure.web.client.MockRestServiceServerResetTestExecutionListener@1578ab55, org.springframework.boot.test.autoconfigure.web.servlet.MockMvcPrintOnlyOnFailureTestExecutionListener@69e8b6d, org.springframework.boot.test.autoconfigure.web.servlet.WebDriverTestExecutionListener@4ac2e8ed, org.springframework.boot.test.mock.mockito.ResetMocksTestExecutionListener@13622602]
17:50:53.929 [Test worker] DEBUG org.springframework.test.annotation.ProfileValueUtils - Retrieved @ProfileValueSourceConfiguration [null] for test class [com.biz.boot.springboot.web.IndexControllerTest]
17:50:53.929 [Test worker] DEBUG org.springframework.test.annotation.ProfileValueUtils - Retrieved ProfileValueSource type [class org.springframework.test.annotation.SystemProfileValueSource] for class [com.biz.boot.springboot.web.IndexControllerTest]
17:50:53.945 [Test worker] DEBUG org.springframework.test.annotation.ProfileValueUtils - Retrieved @ProfileValueSourceConfiguration [null] for test class [com.biz.boot.springboot.web.IndexControllerTest]
17:50:53.945 [Test worker] DEBUG org.springframework.test.annotation.ProfileValueUtils - Retrieved ProfileValueSource type [class org.springframework.test.annotation.SystemProfileValueSource] for class [com.biz.boot.springboot.web.IndexControllerTest]
17:50:53.945 [Test worker] DEBUG org.springframework.test.annotation.ProfileValueUtils - Retrieved @ProfileValueSourceConfiguration [null] for test class [com.biz.boot.springboot.web.IndexControllerTest]
17:50:53.945 [Test worker] DEBUG org.springframework.test.annotation.ProfileValueUtils - Retrieved ProfileValueSource type [class org.springframework.test.annotation.SystemProfileValueSource] for class [com.biz.boot.springboot.web.IndexControllerTest]
17:50:53.945 [Test worker] DEBUG org.springframework.test.context.support.AbstractDirtiesContextTestExecutionListener - Before test class: context [DefaultTestContext@1ca6987e testClass = IndexControllerTest, testInstance = [null], testMethod = [null], testException = [null], mergedContextConfiguration = [WebMergedContextConfiguration@1e589757 testClass = IndexControllerTest, locations = '{}', classes = '{class com.biz.boot.springboot.Application}', contextInitializerClasses = '[]', activeProfiles = '{}', propertySourceLocations = '{}', propertySourceProperties = '{org.springframework.boot.test.context.SpringBootTestContextBootstrapper=true, server.port=0}', contextCustomizers = set[org.springframework.boot.test.autoconfigure.properties.PropertyMappingContextCustomizer@0, org.springframework.boot.test.autoconfigure.web.servlet.WebDriverContextCustomizerFactory$Customizer@3f99106e, org.springframework.boot.test.context.filter.ExcludeFilterContextCustomizer@74bf1dbf, org.springframework.boot.test.json.DuplicateJsonObjectContextCustomizerFactory$DuplicateJsonObjectContextCustomizer@15ba9e43, org.springframework.boot.test.mock.mockito.MockitoContextCustomizer@0, org.springframework.boot.test.web.client.TestRestTemplateContextCustomizer@7cc22068], resourceBasePath = 'src/main/webapp', contextLoader = 'org.springframework.boot.test.context.SpringBootContextLoader', parent = [null]], attributes = map['org.springframework.test.context.web.ServletTestExecutionListener.activateListener' -> false]], class annotated with @DirtiesContext [false] with mode [null].
17:50:53.945 [Test worker] DEBUG org.springframework.test.annotation.ProfileValueUtils - Retrieved @ProfileValueSourceConfiguration [null] for test class [com.biz.boot.springboot.web.IndexControllerTest]
17:50:53.945 [Test worker] DEBUG org.springframework.test.annotation.ProfileValueUtils - Retrieved ProfileValueSource type [class org.springframework.test.annotation.SystemProfileValueSource] for class [com.biz.boot.springboot.web.IndexControllerTest]
17:50:53.945 [Test worker] DEBUG org.springframework.test.context.support.DependencyInjectionTestExecutionListener - Performing dependency injection for test context [[DefaultTestContext@1ca6987e testClass = IndexControllerTest, testInstance = com.biz.boot.springboot.web.IndexControllerTest@4285ab24, testMethod = [null], testException = [null], mergedContextConfiguration = [WebMergedContextConfiguration@1e589757 testClass = IndexControllerTest, locations = '{}', classes = '{class com.biz.boot.springboot.Application}', contextInitializerClasses = '[]', activeProfiles = '{}', propertySourceLocations = '{}', propertySourceProperties = '{org.springframework.boot.test.context.SpringBootTestContextBootstrapper=true, server.port=0}', contextCustomizers = set[org.springframework.boot.test.autoconfigure.properties.PropertyMappingContextCustomizer@0, org.springframework.boot.test.autoconfigure.web.servlet.WebDriverContextCustomizerFactory$Customizer@3f99106e, org.springframework.boot.test.context.filter.ExcludeFilterContextCustomizer@74bf1dbf, org.springframework.boot.test.json.DuplicateJsonObjectContextCustomizerFactory$DuplicateJsonObjectContextCustomizer@15ba9e43, org.springframework.boot.test.mock.mockito.MockitoContextCustomizer@0, org.springframework.boot.test.web.client.TestRestTemplateContextCustomizer@7cc22068], resourceBasePath = 'src/main/webapp', contextLoader = 'org.springframework.boot.test.context.SpringBootContextLoader', parent = [null]], attributes = map['org.springframework.test.context.web.ServletTestExecutionListener.activateListener' -> false]]].
17:50:53.976 [Test worker] DEBUG org.springframework.test.context.support.TestPropertySourceUtils - Adding inlined properties to environment: {spring.jmx.enabled=false, org.springframework.boot.test.context.SpringBootTestContextBootstrapper=true, server.port=0}

  .   ____          _            __ _ _
 /\\ / ___'_ __ _ _(_)_ __  __ _ \ \ \ \
( ( )\___ | '_ | '_| | '_ \/ _` | \ \ \ \
 \\/  ___)| |_)| | | | | || (_| |  ) ) ) )
  '  |____| .__|_| |_|_| |_\__, | / / / /
 =========|_|==============|___/=/_/_/_/
 :: Spring Boot ::        (v2.1.9.RELEASE)

2021-08-24 17:50:54.370  INFO 10104 --- [    Test worker] c.b.b.s.web.IndexControllerTest          : Starting IndexControllerTest on DESKTOP-5L41717 with PID 10104 (started by SHJ in C:\bizmap\intellij\bootex)
2021-08-24 17:50:54.370  INFO 10104 --- [    Test worker] c.b.b.s.web.IndexControllerTest          : No active profile set, falling back to default profiles: default
2021-08-24 17:50:55.397  INFO 10104 --- [    Test worker] .s.d.r.c.RepositoryConfigurationDelegate : Bootstrapping Spring Data repositories in DEFAULT mode.
2021-08-24 17:50:55.507  INFO 10104 --- [    Test worker] .s.d.r.c.RepositoryConfigurationDelegate : Finished Spring Data repository scanning in 110ms. Found 1 repository interfaces.
2021-08-24 17:50:56.006  INFO 10104 --- [    Test worker] trationDelegate$BeanPostProcessorChecker : Bean 'org.springframework.transaction.annotation.ProxyTransactionManagementConfiguration' of type [org.springframework.transaction.annotation.ProxyTransactionManagementConfiguration$$EnhancerBySpringCGLIB$$1b5d48cc] is not eligible for getting processed by all BeanPostProcessors (for example: not eligible for auto-proxying)
2021-08-24 17:50:56.099 ERROR 10104 --- [    Test worker] o.a.catalina.core.AprLifecycleListener   : An incompatible version [1.1.20] of the APR based Apache Tomcat Native library is installed, while Tomcat requires version [1.2.14]
2021-08-24 17:50:56.495 ERROR 10104 --- [    Test worker] o.a.catalina.core.AprLifecycleListener   : An incompatible version [1.1.20] of the APR based Apache Tomcat Native library is installed, while Tomcat requires version [1.2.14]
2021-08-24 17:50:56.615  INFO 10104 --- [    Test worker] o.s.b.w.embedded.tomcat.TomcatWebServer  : Tomcat initialized with port(s): 0 (http)
2021-08-24 17:50:56.630 ERROR 10104 --- [    Test worker] o.a.catalina.core.AprLifecycleListener   : An incompatible version [1.1.20] of the APR based Apache Tomcat Native library is installed, while Tomcat requires version [1.2.14]
2021-08-24 17:50:56.646  INFO 10104 --- [    Test worker] o.apache.catalina.core.StandardService   : Starting service [Tomcat]
2021-08-24 17:50:56.646  INFO 10104 --- [    Test worker] org.apache.catalina.core.StandardEngine  : Starting Servlet engine: [Apache Tomcat/9.0.26]
2021-08-24 17:50:56.860  INFO 10104 --- [    Test worker] o.a.c.c.C.[Tomcat].[localhost].[/]       : Initializing Spring embedded WebApplicationContext
2021-08-24 17:50:56.860  INFO 10104 --- [    Test worker] o.s.web.context.ContextLoader            : Root WebApplicationContext: initialization completed in 2459 ms
2021-08-24 17:50:57.501  INFO 10104 --- [    Test worker] com.zaxxer.hikari.HikariDataSource       : HikariPool-1 - Starting...
2021-08-24 17:50:57.855  INFO 10104 --- [    Test worker] com.zaxxer.hikari.HikariDataSource       : HikariPool-1 - Start completed.
2021-08-24 17:50:58.027  INFO 10104 --- [    Test worker] o.hibernate.jpa.internal.util.LogHelper  : HHH000204: Processing PersistenceUnitInfo [
	name: default
	...]
2021-08-24 17:50:58.152  INFO 10104 --- [    Test worker] org.hibernate.Version                    : HHH000412: Hibernate Core {5.3.12.Final}
2021-08-24 17:50:58.168  INFO 10104 --- [    Test worker] org.hibernate.cfg.Environment            : HHH000206: hibernate.properties not found
2021-08-24 17:50:58.423  INFO 10104 --- [    Test worker] o.hibernate.annotations.common.Version   : HCANN000001: Hibernate Commons Annotations {5.0.4.Final}
2021-08-24 17:50:58.726  INFO 10104 --- [    Test worker] org.hibernate.dialect.Dialect            : HHH000400: Using dialect: org.hibernate.dialect.MySQL5InnoDBDialect
Hibernate: drop table if exists posts
Hibernate: create table posts (id bigint not null auto_increment, create_date datetime, modified_date datetime, author varchar(255), content TEXT not null, title varchar(500) not null, primary key (id)) engine=InnoDB
2021-08-24 17:50:59.759  INFO 10104 --- [    Test worker] o.h.t.schema.internal.SchemaCreatorImpl  : HHH000476: Executing import script 'org.hibernate.tool.schema.internal.exec.ScriptSourceInputNonExistentImpl@11afe1a9'
2021-08-24 17:50:59.775  INFO 10104 --- [    Test worker] j.LocalContainerEntityManagerFactoryBean : Initialized JPA EntityManagerFactory for persistence unit 'default'
2021-08-24 17:51:01.543  INFO 10104 --- [    Test worker] o.s.s.concurrent.ThreadPoolTaskExecutor  : Initializing ExecutorService 'applicationTaskExecutor'
2021-08-24 17:51:01.643  WARN 10104 --- [    Test worker] aWebConfiguration$JpaWebMvcConfiguration : spring.jpa.open-in-view is enabled by default. Therefore, database queries may be performed during view rendering. Explicitly configure spring.jpa.open-in-view to disable this warning
2021-08-24 17:51:01.752  INFO 10104 --- [    Test worker] o.s.b.a.w.s.WelcomePageHandlerMapping    : Adding welcome page template: index
2021-08-24 17:51:02.426  INFO 10104 --- [    Test worker] o.s.b.w.embedded.tomcat.TomcatWebServer  : Tomcat started on port(s): 63580 (http) with context path ''
2021-08-24 17:51:02.426  INFO 10104 --- [    Test worker] c.b.b.s.web.IndexControllerTest          : Started IndexControllerTest in 8.45 seconds (JVM running for 9.947)
2021-08-24 17:51:02.629  INFO 10104 --- [o-auto-1-exec-1] o.a.c.c.C.[Tomcat].[localhost].[/]       : Initializing Spring DispatcherServlet 'dispatcherServlet'
2021-08-24 17:51:02.629  INFO 10104 --- [o-auto-1-exec-1] o.s.web.servlet.DispatcherServlet        : Initializing Servlet 'dispatcherServlet'
2021-08-24 17:51:02.660  INFO 10104 --- [o-auto-1-exec-1] o.s.web.servlet.DispatcherServlet        : Completed initialization in 31 ms
]]></system-out>
  <system-err><![CDATA[]]></system-err>
</testsuite>
